<?xml version="1.0" encoding="UTF-8"?>
<testng-results ignored="0" total="1" passed="1" failed="0" skipped="0">
  <reporter-output>
  </reporter-output>
  <suite started-at="2022-08-15T16:48:59 AST" name="Default suite" finished-at="2022-08-15T16:50:05 AST" duration-ms="66008">
    <groups>
    </groups>
    <test started-at="2022-08-15T16:48:59 AST" name="Default test" finished-at="2022-08-15T16:50:05 AST" duration-ms="66008">
      <class name="CrearAccount">
        <test-method is-config="true" signature="before()[pri:0, instance:CrearAccount@62230c58]" started-at="2022-08-15T16:48:59 AST" name="before" finished-at="2022-08-15T16:49:08 AST" duration-ms="9000" status="PASS">
          <reporter-output>
          </reporter-output>
        </test-method> <!-- before -->
        <test-method signature="sigup()[pri:0, instance:CrearAccount@62230c58]" started-at="2022-08-15T16:49:08 AST" name="sigup" finished-at="2022-08-15T16:50:05 AST" duration-ms="56964" status="PASS">
          <reporter-output>
          </reporter-output>
        </test-method> <!-- sigup -->
      </class> <!-- CrearAccount -->
    </test> <!-- Default test -->
  </suite> <!-- Default suite -->
</testng-results>
